{
  "0 debug pnpm:scope": {
    "selected": 1
  },
  "1 error pnpm": {
    "code": "ELIFECYCLE",
    "errno": "ENOENT",
    "syscall": "spawn",
    "file": "sh",
    "pkgid": "react-app-ts@1.0.0",
    "stage": "start",
    "script": "webpack serve --mode=development",
    "pkgname": "react-app-ts",
    "err": {
      "name": "pnpm",
      "message": "react-app-ts@1.0.0 start: `webpack serve --mode=development`\nspawn ENOENT",
      "code": "ELIFECYCLE",
      "stack": "pnpm: react-app-ts@1.0.0 start: `webpack serve --mode=development`\nspawn ENOENT\n    at ChildProcess.<anonymous> (/Users/wanpan/Library/pnpm/global/5/.pnpm/pnpm@7.0.1/node_modules/pnpm/dist/pnpm.cjs:93293:22)\n    at ChildProcess.emit (events.js:400:28)\n    at maybeClose (internal/child_process.js:1058:16)\n    at Process.ChildProcess._handle.onexit (internal/child_process.js:293:5)"
    }
  }
}